<?xml version="1.0" encoding="UTF-8"?>
<!-- Generated by org.testng.reporters.JUnitReportReporter -->
<testsuite hostname="adarshgarg" failures="0" tests="1" name="tests.SafetyProgramTest" time="11.319" errors="0" timestamp="11 Feb 2021 16:16:43 GMT" skipped="0">
  <testcase classname="tests.SafetyProgramTest" name="checkSafetyProgram" time="11.319"/>
</testsuite> <!-- tests.SafetyProgramTest -->
