<?xml version="1.0" encoding="UTF-8"?>
<!-- Generated by org.testng.reporters.JUnitReportReporter -->
<testsuite hostname="adarshgarg" failures="0" tests="1" name="tests.ViewTermsAndConditionsTest" time="19.753" errors="0" timestamp="11 Feb 2021 11:29:21 GMT" skipped="0">
  <testcase classname="tests.ViewTermsAndConditionsTest" name="showTermsAndConditions" time="19.753"/>
</testsuite> <!-- tests.ViewTermsAndConditionsTest -->
