<?xml version="1.0" encoding="UTF-8"?>
<!-- Generated by org.testng.reporters.JUnitReportReporter -->
<testsuite hostname="adarshgarg" failures="0" tests="2" name="tests.SignOutTest" time="45.818" errors="0" timestamp="11 Feb 2021 07:33:37 GMT" skipped="0">
  <testcase classname="tests.SignOutTest" name="signOutFromAllDevice" time="24.042"/>
  <testcase classname="tests.SignOutTest" name="signOut" time="21.776"/>
</testsuite> <!-- tests.SignOutTest -->
