<?xml version="1.0" encoding="UTF-8"?>
<!-- Generated by org.testng.reporters.JUnitReportReporter -->
<testsuite hostname="adarshgarg" failures="0" tests="1" name="tests.rPoolTest" time="16.881" errors="0" timestamp="11 Feb 2021 07:33:37 GMT" skipped="0">
  <testcase classname="tests.rPoolTest" name="showRpoolInfo" time="16.881"/>
</testsuite> <!-- tests.rPoolTest -->
