<?xml version="1.0" encoding="UTF-8"?>
<!-- Generated by org.testng.reporters.JUnitReportReporter -->
<testsuite hostname="adarshgarg" failures="0" tests="1" name="tests.CancelTicketTest" time="10.962" errors="0" timestamp="11 Feb 2021 10:14:44 GMT" skipped="0">
  <testcase classname="tests.CancelTicketTest" name="checkTicketCancel" time="10.962"/>
</testsuite> <!-- tests.CancelTicketTest -->
