<?xml version="1.0" encoding="UTF-8"?>
<!-- Generated by org.testng.reporters.JUnitReportReporter -->
<testsuite hostname="adarshgarg" failures="0" tests="2" name="tests.UserInformationTest" time="48.088" errors="0" timestamp="11 Feb 2021 07:33:37 GMT" skipped="0">
  <testcase classname="tests.UserInformationTest" name="checkTrips" time="21.663"/>
  <testcase classname="tests.UserInformationTest" name="checkWalletBalance" time="26.425"/>
</testsuite> <!-- tests.UserInformationTest -->
