<?xml version="1.0" encoding="UTF-8"?>
<!-- Generated by org.testng.reporters.JUnitReportReporter -->
<testsuite hostname="adarshgarg" failures="0" tests="1" name="tests.ShowTicketTest" time="10.395" errors="0" timestamp="11 Feb 2021 10:21:00 GMT" skipped="0">
  <testcase classname="tests.ShowTicketTest" name="showTicketWithCorrectInfo" time="10.395"/>
</testsuite> <!-- tests.ShowTicketTest -->
