<?xml version="1.0" encoding="UTF-8"?>
<!-- Generated by org.testng.reporters.JUnitReportReporter -->
<testsuite hostname="adarshgarg" failures="0" tests="1" name="tests.PrivacyPolicyTest" time="15.548" errors="0" timestamp="10 Feb 2021 20:31:08 GMT" skipped="0">
  <testcase classname="tests.PrivacyPolicyTest" name="readPrivacyPolicy" time="15.548"/>
</testsuite> <!-- tests.PrivacyPolicyTest -->
