<?xml version="1.0" encoding="UTF-8"?>
<!-- Generated by org.testng.reporters.JUnitReportReporter -->
<testsuite hostname="adarshgarg" failures="0" tests="1" name="tests.HomePageTest" time="9.172" errors="0" timestamp="03 Feb 2021 16:52:25 GMT" skipped="0">
  <testcase classname="tests.HomePageTest" name="searchBus" time="9.172"/>
</testsuite> <!-- tests.HomePageTest -->
