<?xml version="1.0" encoding="UTF-8"?>
<!-- Generated by org.testng.reporters.JUnitReportReporter -->
<testsuite hostname="adarshgarg" failures="0" tests="3" name="tests.SearchBusTest" time="51.830" errors="0" timestamp="11 Feb 2021 07:33:37 GMT" skipped="0">
  <testcase classname="tests.SearchBusTest" name="searchBuses" time="15.391"/>
  <testcase classname="tests.SearchBusTest" name="modifySearchBuses" time="15.792"/>
  <testcase classname="tests.SearchBusTest" name="searchBusesWithFilters" time="20.647"/>
</testsuite> <!-- tests.SearchBusTest -->
