<?xml version="1.0" encoding="UTF-8"?>
<!-- Generated by org.testng.reporters.JUnitReportReporter -->
<testsuite hostname="adarshgarg" failures="0" tests="1" name="tests.CarrerTest" time="23.741" errors="0" timestamp="11 Feb 2021 11:30:32 GMT" skipped="0">
  <testcase classname="tests.CarrerTest" name="showCarrerInformation" time="23.741"/>
</testsuite> <!-- tests.CarrerTest -->
