<?xml version="1.0" encoding="UTF-8"?>
<!-- Generated by org.testng.reporters.JUnitReportReporter -->
<testsuite hostname="adarshgarg" failures="0" tests="2" name="tests.BusOperatorsTest" time="30.084" errors="0" timestamp="11 Feb 2021 07:33:37 GMT" skipped="0">
  <testcase classname="tests.BusOperatorsTest" name="searchBusesWithTopOperator" time="17.108"/>
  <testcase classname="tests.BusOperatorsTest" name="findAllBusOperators" time="12.976"/>
</testsuite> <!-- tests.BusOperatorsTest -->
